app/build/intermediates/manifest_merge_blame_file/debug/manifest-merger-blame-debug-report.txt
1<?xml version="1.0" encoding="utf-8"?>
2<manifest xmlns:android="http://schemas.android.com/apk/res/android"
3    package="com.supermario.dict"
4    android:versionCode="1"
5    android:versionName="1.0" >
6
7    <uses-sdk
8        android:minSdkVersion="10"
8-->src\main\AndroidManifest.xml
9        android:targetSdkVersion="10" />
9-->src\main\AndroidManifest.xml
10
11    <uses-permission android:name="android.permission.WRITE_EXTERNAL_STORAGE" />
11-->src\main\AndroidManifest.xml:6:7-82
11-->src\main\AndroidManifest.xml:6:24-80
12
13    <application
13-->src\main\AndroidManifest.xml:7:5-15:19
14        android:debuggable="true"
15        android:icon="@drawable/ic_launcher"
15-->src\main\AndroidManifest.xml:7:18-54
16        android:label="@string/app_name"
16-->src\main\AndroidManifest.xml:7:55-87
17        android:testOnly="true" >
18        <activity
18-->src\main\AndroidManifest.xml:8:9-14:20
19            android:name="com.hypech.case6dictionary.Dictionary"
19-->src\main\AndroidManifest.xml:8:19-71
20            android:label="@string/app_name" >
20-->src\main\AndroidManifest.xml:9:13-45
21            <intent-filter>
21-->src\main\AndroidManifest.xml:10:13-13:29
22                <action android:name="android.intent.action.MAIN" />
22-->src\main\AndroidManifest.xml:11:17-69
22-->src\main\AndroidManifest.xml:11:25-66
23
24                <category android:name="android.intent.category.LAUNCHER" />
24-->src\main\AndroidManifest.xml:12:17-77
24-->src\main\AndroidManifest.xml:12:27-74
25            </intent-filter>
26        </activity>
27    </application>
28
29</manifest>